C:\Program Files\Microsoft Visual Studio\2022\Preview\MSBuild\Microsoft\VC\v150\Platforms\Win32\PlatformToolsets\v141_xp\Toolset.targets(39,5): warning MSB8051: Support for targeting Windows XP is deprecated and will not be present in future releases of Visual Studio. Please see https://go.microsoft.com/fwlink/?linkid=2023588 for more information.
  BOSSManager.cpp
  BOSimulator.cpp
  Base.cpp
  Bases.cpp
  CombatCommander.cpp
  CombatSimulation.cpp
  Common.cpp
  Config.cpp
  FAP.cpp
  GameCommander.cpp
  GameRecord.cpp
  GameRecordNow.cpp
c:\users\ylee5\documents\starcraft_research\neathammer\steamhammer\source\bossmanager.cpp(232): warning C4267: 'argument': conversion from 'size_t' to 'const BOSS::UnitCountType', possible loss of data
  Grid.cpp
  GridAttacks.cpp
  GridBuildable.cpp
  GridDistances.cpp
  GridInset.cpp
  GridRoom.cpp
  GridSafeAirPath.cpp
  GridTileRoom.cpp
  GridWalk.cpp
  GridZone.cpp
  InformationManager.cpp
  MacroAct.cpp
  MacroCommand.cpp
  MapGrid.cpp
  MapPartitions.cpp
  MapTools.cpp
  Micro.cpp
  MicroAirToAir.cpp
  MicroDefilers.cpp
  MicroDetectors.cpp
  MicroHighTemplar.cpp
  MicroIrradiated.cpp
  MicroLurkers.cpp
  MicroMedics.cpp
  MicroMelee.cpp
  MicroMutas.cpp
  MicroOverlords.cpp
  MicroQueens.cpp
  MicroRanged.cpp
  MicroScourge.cpp
  MicroTanks.cpp
  MicroTransports.cpp
  NEATCommander.cpp
  OpeningTiming.cpp
  OpponentModel.cpp
  OpponentPlan.cpp
  OpsBoss.cpp
  ParseUtils.cpp
  PlayerSnapshot.cpp
  ProductionGoal.cpp
  SkillBattles.cpp
  SkillGasSteal.cpp
  SkillKit.cpp
  SkillLurkers.cpp
c:\users\ylee5\documents\starcraft_research\neathammer\steamhammer\source\neatcommander.cpp(188): warning C4244: 'argument': conversion from 'double' to 'int', possible loss of data
  SkillOpeningTiming.cpp
  SkillUnitTimings.cpp
  Squad.cpp
c:\users\ylee5\documents\starcraft_research\neathammer\steamhammer\source\nodeeval.h(49): warning C4018: '<': signed/unsigned mismatch (compiling source file ..\Source\NEATCommander.cpp)
  c:\users\ylee5\documents\starcraft_research\neathammer\steamhammer\source\neatcommander.cpp(148): note: see reference to function template instantiation 'void FeedForwardNetwork::Activate<double>(std::vector<double,std::allocator<_Ty>> &)' being compiled
          with
          [
              _Ty=double
          ]
  c:\program files\microsoft visual studio\2022\preview\vc\tools\msvc\14.16.27023\include\filesystem(2392): note: see reference to class template instantiation 'std::chrono::time_point<std::filesystem::_File_time_clock,std::filesystem::_File_time_clock::duration>' being compiled (compiling source file ..\Source\NEATCommander.cpp)
  c:\program files\microsoft visual studio\2022\preview\vc\tools\msvc\14.16.27023\include\type_traits(616): note: see reference to class template instantiation 'std::basic_string_view<wchar_t,std::char_traits<wchar_t>>' being compiled (compiling source file ..\Source\NEATCommander.cpp)
  c:\program files\microsoft visual studio\2022\preview\vc\tools\msvc\14.16.27023\include\xstring(2124): note: see reference to class template instantiation 'std::is_convertible<const _StringViewIsh &,std::basic_string_view<wchar_t,std::char_traits<wchar_t>>>' being compiled
          with
          [
              _StringViewIsh=const wchar_t *
          ] (compiling source file ..\Source\NEATCommander.cpp)
  c:\program files\microsoft visual studio\2022\preview\vc\tools\msvc\14.16.27023\include\xstring(2122): note: see reference to variable template 'const bool conjunction_v<std::is_convertible<wchar_t const * const &,std::basic_string_view<wchar_t,std::char_traits<wchar_t> > >,std::negation<std::is_convertible<wchar_t const * const &,wchar_t const *> > >' being compiled (compiling source file ..\Source\NEATCommander.cpp)
  c:\program files\microsoft visual studio\2022\preview\vc\tools\msvc\14.16.27023\include\xstring(2281): note: see reference to alias template instantiation 'std::basic_string<wchar_t,std::char_traits<wchar_t>,std::allocator<wchar_t>>::_Is_string_view_ish<_StringViewIsh>' being compiled
          with
          [
              _StringViewIsh=const wchar_t *
          ] (compiling source file ..\Source\NEATCommander.cpp)
  SquadData.cpp
  SquadOrder.cpp
  StaticDefense.cpp
  StrategyBossZerg.cpp
  StrategyManager.cpp
  TacticsOrders.cpp
  The.cpp
  UABAssert.cpp
  UAlbertaBotModule.cpp
  UnitData.cpp
  UnitUtil.cpp
  BuildOrder.cpp
  BuildOrderQueue.cpp
  BuildingManager.cpp
  BuildingPlacer.cpp
  JSONTools.cpp
  MicroManager.cpp
  ProductionManager.cpp
  ScoutManager.cpp
  TimerManager.cpp
  WorkerData.cpp
  WorkerManager.cpp
     Creating library C:\Users\ylee5\Documents\Starcraft_Research\NEATHammer\Steamhammer\VisualStudio\\..\bin\NEATHammer.lib and object C:\Users\ylee5\Documents\Starcraft_Research\NEATHammer\Steamhammer\VisualStudio\\..\bin\NEATHammer.exp
  Generating code
  58 of 14801 functions ( 0.4%) were compiled, the rest were copied from previous compilation.
    0 functions were new in current compilation
    38 functions had inline decision re-evaluated but remain unchanged
  Finished generating code
  UAlbertaBot.vcxproj -> C:\Users\ylee5\Documents\Starcraft_Research\NEATHammer\Steamhammer\VisualStudio\\..\bin\NEATHammer.dll
