C:\Program Files\Microsoft Visual Studio\2022\Preview\MSBuild\Microsoft\VC\v150\Platforms\Win32\PlatformToolsets\v141_xp\Toolset.targets(39,5): warning MSB8051: Support for targeting Windows XP is deprecated and will not be present in future releases of Visual Studio. Please see https://go.microsoft.com/fwlink/?linkid=2023588 for more information.
  ActionInProgress.cpp
  ActionSet.cpp
  ActionType.cpp
  ActionTypeData.cpp
  BOSSAssert.cpp
  BOSSException.cpp
  BuildOrder.cpp
  BuildOrderPlot.cpp
  CombatSearch.cpp
  BOSS.cpp
  BuildingData.cpp
  CombatSearch_BestResponse.cpp
c:\users\ylee5\documents\starcraft_research\neathammer\boss\source\actioninprogress.cpp(54): warning C4267: 'return': conversion from 'size_t' to 'const BOSS::UnitCountType', possible loss of data
c:\users\ylee5\documents\starcraft_research\neathammer\boss\source\actiontypedata.cpp(265): warning C4267: 'argument': conversion from 'size_t' to 'const BOSS::ActionID', possible loss of data
c:\users\ylee5\documents\starcraft_research\neathammer\boss\source\actiontypedata.cpp(269): warning C4267: 'argument': conversion from 'size_t' to 'const BOSS::ActionID', possible loss of data
c:\users\ylee5\documents\starcraft_research\neathammer\boss\source\actiontypedata.cpp(273): warning C4267: 'argument': conversion from 'size_t' to 'const BOSS::ActionID', possible loss of data
c:\users\ylee5\documents\starcraft_research\neathammer\boss\source\actiontypedata.cpp(287): warning C4267: 'argument': conversion from 'size_t' to 'const BOSS::ActionID', possible loss of data
c:\users\ylee5\documents\starcraft_research\neathammer\boss\source\actiontypedata.cpp(291): warning C4267: 'argument': conversion from 'size_t' to 'const BOSS::ActionID', possible loss of data
c:\users\ylee5\documents\starcraft_research\neathammer\boss\source\actiontypedata.cpp(295): warning C4267: 'argument': conversion from 'size_t' to 'const BOSS::ActionID', possible loss of data
c:\users\ylee5\documents\starcraft_research\neathammer\boss\source\actiontypedata.cpp(309): warning C4267: 'argument': conversion from 'size_t' to 'const BOSS::ActionID', possible loss of data
c:\users\ylee5\documents\starcraft_research\neathammer\boss\source\actiontypedata.cpp(313): warning C4267: 'argument': conversion from 'size_t' to 'const BOSS::ActionID', possible loss of data
c:\users\ylee5\documents\starcraft_research\neathammer\boss\source\actiontypedata.cpp(317): warning C4267: 'argument': conversion from 'size_t' to 'const BOSS::ActionID', possible loss of data
c:\users\ylee5\documents\starcraft_research\neathammer\boss\source\actiontypedata.cpp(344): warning C4267: 'return': conversion from 'size_t' to 'const BOSS::ActionID', possible loss of data
c:\users\ylee5\documents\starcraft_research\neathammer\boss\source\actiontypedata.cpp(444): warning C4267: 'argument': conversion from 'size_t' to 'const BOSS::UnitCountType', possible loss of data
c:\users\ylee5\documents\starcraft_research\neathammer\boss\source\actiontypedata.cpp(584): warning C4267: 'argument': conversion from 'size_t' to 'const BOSS::UnitCountType', possible loss of data
  CombatSearch_BestResponseData.cpp
  CombatSearch_Bucket.cpp
  CombatSearch_BucketData.cpp
  CombatSearch_IntegralData.cpp
  CombatSearchParameters.cpp
  CombatSearchResults.cpp
  CombatSearch_Integral.cpp
  Constants.cpp
  BuildOrderSearchGoal.cpp
  DFBB_BuildOrderSearchParameters.cpp
  DFBB_BuildOrderSearchResults.cpp
  DFBB_BuildOrderSmartSearch.cpp
c:\users\ylee5\documents\starcraft_research\neathammer\boss\source\buildordersearchgoal.cpp(122): warning C4267: 'argument': conversion from 'size_t' to 'const BOSS::ActionID', possible loss of data
  DFBB_BuildOrderStackSearch.cpp
  Eval.cpp
c:\users\ylee5\documents\starcraft_research\neathammer\boss\source\combatsearch_integral.cpp(31): warning C4267: 'initializing': conversion from 'size_t' to 'BOSS::UnitCountType', possible loss of data
c:\users\ylee5\documents\starcraft_research\neathammer\boss\source\combatsearch_integral.cpp(31): warning C4267: 'initializing': conversion from 'size_t' to 'const BOSS::UnitCountType', possible loss of data
  GameState.cpp
  HatcheryData.cpp
  BOSSLogger.cpp
  JSONTools.cpp
  NaiveBuildOrderSearch.cpp
  PrerequisiteSet.cpp
c:\users\ylee5\documents\starcraft_research\neathammer\boss\source\dfbb_buildordersmartsearch.cpp(106): warning C4267: 'argument': conversion from 'size_t' to 'const BOSS::ActionID', possible loss of data
c:\users\ylee5\documents\starcraft_research\neathammer\boss\source\dfbb_buildordersmartsearch.cpp(139): warning C4267: 'argument': conversion from 'size_t' to 'const BOSS::ActionID', possible loss of data
c:\users\ylee5\documents\starcraft_research\neathammer\boss\source\dfbb_buildordersmartsearch.cpp(155): warning C4267: 'argument': conversion from 'size_t' to 'const BOSS::ActionID', possible loss of data
c:\users\ylee5\documents\starcraft_research\neathammer\boss\source\dfbb_buildordersmartsearch.cpp(205): warning C4267: 'argument': conversion from 'size_t' to 'const BOSS::UnitCountType', possible loss of data
c:\users\ylee5\documents\starcraft_research\neathammer\boss\source\dfbb_buildordersmartsearch.cpp(221): warning C4267: 'argument': conversion from 'size_t' to 'const BOSS::ActionID', possible loss of data
c:\users\ylee5\documents\starcraft_research\neathammer\boss\source\dfbb_buildordersmartsearch.cpp(242): warning C4267: 'argument': conversion from 'size_t' to 'const BOSS::ActionID', possible loss of data
c:\users\ylee5\documents\starcraft_research\neathammer\boss\source\dfbb_buildordersmartsearch.cpp(271): warning C4267: 'argument': conversion from 'size_t' to 'const BOSS::ActionID', possible loss of data
  Tools.cpp
  UnitData.cpp
c:\users\ylee5\documents\starcraft_research\neathammer\boss\source\eval.cpp(91): warning C4267: 'argument': conversion from 'size_t' to 'const BOSS::ActionID', possible loss of data
c:\users\ylee5\documents\starcraft_research\neathammer\boss\source\hatcherydata.cpp(22): warning C4267: 'initializing': conversion from 'size_t' to 'BOSS::UnitCountType', possible loss of data
c:\users\ylee5\documents\starcraft_research\neathammer\boss\source\hatcherydata.cpp(114): warning C4267: 'return': conversion from 'size_t' to 'const BOSS::UnitCountType', possible loss of data
c:\users\ylee5\documents\starcraft_research\neathammer\boss\source\gamestate.cpp(731): warning C4267: 'argument': conversion from 'size_t' to 'const BOSS::UnitCountType', possible loss of data
c:\users\ylee5\documents\starcraft_research\neathammer\boss\source\gamestate.cpp(750): warning C4267: 'argument': conversion from 'size_t' to 'const BOSS::UnitCountType', possible loss of data
c:\users\ylee5\documents\starcraft_research\neathammer\boss\source\gamestate.cpp(771): warning C4267: 'argument': conversion from 'size_t' to 'const BOSS::UnitCountType', possible loss of data
c:\users\ylee5\documents\starcraft_research\neathammer\boss\source\gamestate.cpp(826): warning C4267: 'argument': conversion from 'size_t' to 'const BOSS::UnitCountType', possible loss of data
c:\users\ylee5\documents\starcraft_research\neathammer\boss\source\gamestate.cpp(845): warning C4267: 'argument': conversion from 'size_t' to 'const BOSS::UnitCountType', possible loss of data
c:\users\ylee5\documents\starcraft_research\neathammer\boss\source\gamestate.cpp(864): warning C4267: 'argument': conversion from 'size_t' to 'const BOSS::UnitCountType', possible loss of data
c:\users\ylee5\documents\starcraft_research\neathammer\boss\source\prerequisiteset.cpp(46): warning C4267: 'argument': conversion from 'size_t' to 'const BOSS::UnitCountType', possible loss of data
c:\users\ylee5\documents\starcraft_research\neathammer\boss\source\prerequisiteset.cpp(82): warning C4267: 'argument': conversion from 'size_t' to 'const BOSS::UnitCountType', possible loss of data
c:\users\ylee5\documents\starcraft_research\neathammer\boss\source\prerequisiteset.cpp(107): warning C4267: 'argument': conversion from 'size_t' to 'const BOSS::UnitCountType', possible loss of data
c:\users\ylee5\documents\starcraft_research\neathammer\boss\source\prerequisiteset.cpp(117): warning C4267: 'argument': conversion from 'size_t' to 'const BOSS::UnitCountType', possible loss of data
c:\users\ylee5\documents\starcraft_research\neathammer\boss\source\naivebuildordersearch.cpp(57): warning C4267: 'argument': conversion from 'size_t' to 'const BOSS::ActionID', possible loss of data
c:\users\ylee5\documents\starcraft_research\neathammer\boss\source\naivebuildordersearch.cpp(79): warning C4267: 'argument': conversion from 'size_t' to 'const BOSS::UnitCountType', possible loss of data
c:\users\ylee5\documents\starcraft_research\neathammer\boss\source\naivebuildordersearch.cpp(90): warning C4267: 'argument': conversion from 'size_t' to 'const BOSS::ActionID', possible loss of data
c:\users\ylee5\documents\starcraft_research\neathammer\boss\source\naivebuildordersearch.cpp(107): warning C4267: 'argument': conversion from 'size_t' to 'const BOSS::ActionID', possible loss of data
c:\users\ylee5\documents\starcraft_research\neathammer\boss\source\naivebuildordersearch.cpp(129): warning C4267: 'argument': conversion from 'size_t' to 'const BOSS::ActionID', possible loss of data
c:\users\ylee5\documents\starcraft_research\neathammer\boss\source\naivebuildordersearch.cpp(193): warning C4267: 'argument': conversion from 'size_t' to 'const BOSS::ActionID', possible loss of data
c:\users\ylee5\documents\starcraft_research\neathammer\boss\source\unitdata.cpp(326): warning C4267: 'argument': conversion from 'size_t' to 'const BOSS::UnitCountType', possible loss of data
c:\users\ylee5\documents\starcraft_research\neathammer\boss\source\unitdata.cpp(327): warning C4267: 'argument': conversion from 'size_t' to 'const BOSS::UnitCountType', possible loss of data
c:\users\ylee5\documents\starcraft_research\neathammer\boss\source\unitdata.cpp(416): warning C4267: 'argument': conversion from 'size_t' to 'const BOSS::UnitCountType', possible loss of data
c:\users\ylee5\documents\starcraft_research\neathammer\boss\source\tools.cpp(13): warning C4267: 'initializing': conversion from 'size_t' to 'BOSS::UnitCountType', possible loss of data
c:\users\ylee5\documents\starcraft_research\neathammer\boss\source\tools.cpp(19): warning C4267: 'initializing': conversion from 'size_t' to 'BOSS::UnitCountType', possible loss of data
c:\users\ylee5\documents\starcraft_research\neathammer\boss\source\tools.cpp(67): warning C4267: 'argument': conversion from 'size_t' to 'const BOSS::ActionID', possible loss of data
c:\users\ylee5\documents\starcraft_research\neathammer\boss\source\tools.cpp(89): warning C4267: 'argument': conversion from 'size_t' to 'const BOSS::UnitCountType', possible loss of data
c:\users\ylee5\documents\starcraft_research\neathammer\boss\source\tools.cpp(105): warning C4267: 'argument': conversion from 'size_t' to 'const BOSS::ActionID', possible loss of data
c:\users\ylee5\documents\starcraft_research\neathammer\boss\source\tools.cpp(351): warning C4267: 'argument': conversion from 'size_t' to 'const BOSS::ActionID', possible loss of data
c:\users\ylee5\documents\starcraft_research\neathammer\boss\source\tools.cpp(374): warning C4267: 'argument': conversion from 'size_t' to 'const BOSS::UnitCountType', possible loss of data
c:\users\ylee5\documents\starcraft_research\neathammer\boss\source\tools.cpp(384): warning C4267: 'argument': conversion from 'size_t' to 'const BOSS::UnitCountType', possible loss of data
c:\users\ylee5\documents\starcraft_research\neathammer\boss\source\tools.cpp(411): warning C4267: 'argument': conversion from 'size_t' to 'const BOSS::UnitCountType', possible loss of data
  BOSS.vcxproj -> C:\Users\ylee5\Documents\Starcraft_Research\NEATHammer\BOSS\VisualStudio\../bin/BOSS.lib
